TN:
SF:src/AppNotas/classColor.ts
FN:7,(anonymous_1)
FN:14,(anonymous_2)
FNF:2
FNH:2
FNDA:12,(anonymous_1)
FNDA:4,(anonymous_2)
DA:3,1
DA:5,1
DA:8,12
DA:9,11
DA:11,1
DA:15,4
LF:6
LH:6
BRDA:8,0,0,11
BRDA:8,0,1,1
BRDA:8,1,0,12
BRDA:8,1,1,9
BRDA:8,1,2,9
BRDA:8,1,3,2
BRF:6
BRH:6
end_of_record
TN:
SF:src/AppNotas/classManagementNotes.ts
FN:8,(anonymous_7)
FN:11,(anonymous_8)
FN:26,(anonymous_9)
FN:48,(anonymous_10)
FN:58,(anonymous_11)
FNF:5
FNH:5
FNDA:1,(anonymous_7)
FNDA:2,(anonymous_8)
FNDA:2,(anonymous_9)
FNDA:2,(anonymous_10)
FNDA:2,(anonymous_11)
DA:4,1
DA:5,1
DA:7,1
DA:8,1
DA:12,2
DA:13,1
DA:15,1
DA:16,1
DA:17,1
DA:22,1
DA:23,1
DA:27,2
DA:28,1
DA:29,1
DA:30,1
DA:31,1
DA:32,1
DA:37,1
DA:38,1
DA:39,1
DA:40,1
DA:45,1
DA:49,2
DA:50,1
DA:51,1
DA:52,1
DA:53,1
DA:55,1
DA:59,2
LF:29
LH:29
BRDA:12,0,0,1
BRDA:12,0,1,1
BRDA:12,1,0,2
BRDA:12,1,1,1
BRDA:27,2,0,1
BRDA:27,2,1,1
BRDA:49,3,0,1
BRDA:49,3,1,1
BRF:8
BRH:8
end_of_record
TN:
SF:src/AppNotas/classManagementUsers.ts
FN:11,(anonymous_7)
FN:13,(anonymous_8)
FN:16,(anonymous_9)
FN:22,(anonymous_10)
FN:28,(anonymous_11)
FN:31,(anonymous_12)
FN:33,(anonymous_13)
FN:42,(anonymous_14)
FN:44,(anonymous_15)
FN:51,(anonymous_16)
FN:62,(anonymous_17)
FN:71,(anonymous_18)
FN:77,getDirectories
FN:78,(anonymous_20)
FN:79,(anonymous_21)
FN:82,getJsons
FN:83,(anonymous_23)
FN:84,(anonymous_24)
FNF:18
FNH:18
FNDA:1,(anonymous_7)
FNDA:3,(anonymous_8)
FNDA:5,(anonymous_9)
FNDA:1,(anonymous_10)
FNDA:2,(anonymous_11)
FNDA:2,(anonymous_12)
FNDA:9,(anonymous_13)
FNDA:2,(anonymous_14)
FNDA:9,(anonymous_15)
FNDA:2,(anonymous_16)
FNDA:2,(anonymous_17)
FNDA:2,(anonymous_18)
FNDA:1,getDirectories
FNDA:3,(anonymous_20)
FNDA:3,(anonymous_21)
FNDA:3,getJsons
FNDA:5,(anonymous_23)
FNDA:5,(anonymous_24)
DA:1,1
DA:2,1
DA:3,1
DA:4,1
DA:5,1
DA:7,1
DA:8,1
DA:12,1
DA:13,1
DA:14,3
DA:15,3
DA:16,5
DA:17,3
DA:18,3
DA:23,1
DA:24,1
DA:26,1
DA:29,2
DA:32,2
DA:33,9
DA:34,2
DA:43,2
DA:44,9
DA:45,2
DA:46,1
DA:48,1
DA:52,2
DA:53,2
DA:54,2
DA:55,2
DA:56,2
DA:57,2
DA:59,0
DA:63,2
DA:64,2
DA:65,2
DA:66,2
DA:68,2
DA:69,2
DA:72,2
DA:78,3
DA:79,3
DA:83,5
DA:84,5
LF:44
LH:43
BRDA:23,0,0,1
BRDA:23,0,1,0
BRDA:45,1,0,1
BRDA:45,1,1,1
BRDA:53,2,0,2
BRDA:53,2,1,0
BRDA:64,3,0,2
BRDA:64,3,1,0
BRF:8
BRH:5
end_of_record
TN:
SF:src/AppNotas/classNote.ts
FN:4,(anonymous_0)
FN:8,(anonymous_1)
FN:11,(anonymous_2)
FN:14,(anonymous_3)
FN:18,(anonymous_4)
FN:21,(anonymous_5)
FN:24,(anonymous_6)
FN:28,(anonymous_7)
FNF:8
FNH:8
FNDA:11,(anonymous_0)
FNDA:22,(anonymous_1)
FNDA:4,(anonymous_2)
FNDA:4,(anonymous_3)
FNDA:2,(anonymous_4)
FNDA:2,(anonymous_5)
FNDA:2,(anonymous_6)
FNDA:1,(anonymous_7)
DA:3,1
DA:4,11
DA:9,22
DA:12,4
DA:15,4
DA:19,2
DA:22,2
DA:25,2
DA:29,1
DA:30,1
DA:31,1
LF:11
LH:11
BRF:0
BRH:0
end_of_record
TN:
SF:src/AppNotas/classUser.ts
FN:7,(anonymous_1)
FN:15,(anonymous_2)
FN:18,(anonymous_3)
FN:21,(anonymous_4)
FN:24,(anonymous_5)
FN:29,(anonymous_6)
FN:31,(anonymous_7)
FN:39,(anonymous_8)
FN:43,(anonymous_9)
FNF:9
FNH:9
FNDA:8,(anonymous_1)
FNDA:37,(anonymous_2)
FNDA:8,(anonymous_3)
FNDA:7,(anonymous_4)
FNDA:6,(anonymous_5)
FNDA:2,(anonymous_6)
FNDA:2,(anonymous_7)
FNDA:1,(anonymous_8)
FNDA:4,(anonymous_9)
DA:2,1
DA:4,1
DA:5,8
DA:7,8
DA:8,8
DA:9,2
DA:16,37
DA:19,8
DA:22,7
DA:23,7
DA:24,6
DA:26,1
DA:30,2
DA:31,2
DA:32,2
DA:33,1
DA:35,1
DA:41,1
DA:44,4
LF:19
LH:19
BRDA:8,0,0,2
BRDA:8,0,1,6
BRDA:23,1,0,6
BRDA:23,1,1,1
BRDA:32,2,0,1
BRDA:32,2,1,1
BRF:6
BRH:6
end_of_record
